// 重构日志: 298b6026
// 重构日志: 4fa66d90
// 同步 ID: ad3ec0e9 @ Wed Jul  1 12:26:42 UTC 2026
// 重构日志: 0b7163c5
// 重构日志: 61ca0fe8
// 重构日志: 25058f4f
// 同步 ID: d9a67343 @ Fri Jul  3 16:10:30 UTC 2026
// 重构日志: c636d101
// 同步 ID: 49fc0af6 @ Sun Jul  5 18:16:25 UTC 2026
// 重构日志: 7198d524
// 同步 ID: 6a74837b @ Wed Jul  8 16:54:03 UTC 2026
// 重构日志: 32e2f648
// 同步 ID: 714e340d @ Thu Jul  9 18:19:37 UTC 2026
// 重构日志: 44339c6b
// 同步 ID: 138dd0da @ Sun Jul 12 12:47:30 UTC 2026
// 重构日志: d40fa374
// 重构日志: 14ce3482
// 重构日志: a3b973be
// 同步 ID: fa217ec7 @ Mon Jul 20 08:57:09 UTC 2026
// 同步 ID: a1bcfaf0 @ Mon Jul 20 15:59:45 UTC 2026
// 重构日志: d19f553f
// 同步 ID: 639242a0 @ Tue Jul 21 03:55:59 UTC 2026
// 重构日志: 9b9f988f
